-------------------------------------------------------------------------------
Test set: org.eclipse.example.calc.OperationsTest
-------------------------------------------------------------------------------
Tests run: 4, Failures: 0, Errors: 0, Skipped: 0, Time elapsed: 0.001 sec - in org.eclipse.example.calc.OperationsTest
testGetOperationName(org.eclipse.example.calc.OperationsTest)  Time elapsed: 0.001 sec
testGetOperation(org.eclipse.example.calc.OperationsTest)  Time elapsed: 0 sec
testSize(org.eclipse.example.calc.OperationsTest)  Time elapsed: 0 sec
testRegister(org.eclipse.example.calc.OperationsTest)  Time elapsed: 0 sec
