-------------------------------------------------------------------------------
Test set: org.eclipse.example.calc.internal.operations.PlusTest
-------------------------------------------------------------------------------
Tests run: 2, Failures: 0, Errors: 0, Skipped: 0, Time elapsed: 0.001 sec - in org.eclipse.example.calc.internal.operations.PlusTest
testPerform(org.eclipse.example.calc.internal.operations.PlusTest)  Time elapsed: 0 sec
testGetName(org.eclipse.example.calc.internal.operations.PlusTest)  Time elapsed: 0 sec
